<?xml version="1.0" encoding="UTF-8"?>
<testsuite name="com.mariam.calculatrice.CalculatriceApplicationTest" tests="1" skipped="0" failures="0" errors="0" timestamp="2024-11-12T15:07:44" hostname="mr-virtual-machine" time="0.144">
  <properties/>
  <testcase name="testSum()" classname="com.mariam.calculatrice.CalculatriceApplicationTest" time="0.144"/>
  <system-out><![CDATA[]]></system-out>
  <system-err><![CDATA[]]></system-err>
</testsuite>
